<?xml version="1.0" encoding="UTF-8"?>
<!-- Generated by org.testng.reporters.JUnitReportReporter -->
<testsuite hostname="DESKTOP-GP99FID" failures="0" tests="4" name="seleniumDataDrivenpkg.ArrayExcel" time="0.022" errors="0" timestamp="2022-12-14T19:11:33 IST" skipped="0">
  <testcase classname="seleniumDataDrivenpkg.ArrayExcel" name="testData" time="0.010"/>
  <system-out/>
  <testcase classname="seleniumDataDrivenpkg.ArrayExcel" name="testData" time="0.002"/>
  <system-out/>
  <testcase classname="seleniumDataDrivenpkg.ArrayExcel" name="testData" time="0.004"/>
  <system-out/>
  <testcase classname="seleniumDataDrivenpkg.ArrayExcel" name="testData" time="0.006"/>
  <system-out/>
</testsuite> <!-- seleniumDataDrivenpkg.ArrayExcel -->
